This is METAFONT, Version 2.71828 (Web2C 7.5.6) (base=mf 2016.4.5)  22 FEB 2018 01:03
**IMG-20180116-WA0005.jpg pic.jpg
(IMG-20180116-WA0005.jpg
! Text line contains an invalid character.
l.1 ÿ
     Øÿà^^@^^PJFIF^^@^^A^^A^^@^^@H^^@H^^@^^@ÿÀ^^@^^Q^^H^^C¼^^E^^@^^C^^A"^^@^...

? cl
Type <return> to proceed, S to scroll future error messages,
R to run without stopping, Q to run quietly,
I to insert something, E to edit your file,
H for help, X to quit.
? ls
Type <return> to proceed, S to scroll future error messages,
R to run without stopping, Q to run quietly,
I to insert something, E to edit your file,
H for help, X to quit.
? 
! Text line contains an invalid character.
l.1 ÿØ
      ÿà^^@^^PJFIF^^@^^A^^A^^@^^@H^^@H^^@^^@ÿÀ^^@^^Q^^H^^C¼^^E^^@^^C^^A"^^@^...

? 
! Text line contains an invalid character.
l.1 ÿØÿ
       à^^@^^PJFIF^^@^^A^^A^^@^^@H^^@H^^@^^@ÿÀ^^@^^Q^^H^^C¼^^E^^@^^C^^A"^^@^...

? 
! Text line contains an invalid character.
l.1 ÿØÿà
        ^^@^^PJFIF^^@^^A^^A^^@^^@H^^@H^^@^^@ÿÀ^^@^^Q^^H^^C¼^^E^^@^^C^^A"^^@^...

? exit

